[时间]2020/10/5 17:36:48   [类型]插件(↓)   [接收者]小栗子   [发送者昵称]b站点歌   [发送者]au.dll
插件[au.dll]载入成功,应用名:b站点歌


[时间]2020/10/5 17:36:48   [类型]插件(↓)   [接收者]小栗子   [发送者昵称]运行状态   [发送者]运行状态-小栗子-v1.0.4.3.dll
插件[运行状态-小栗子-v1.0.4.3.dll]载入成功,应用名:运行状态


[时间]2020/10/5 17:36:49   [类型]插件(↓)   [接收者]小栗子   [发送者昵称]多平台点歌   [发送者]多平台点歌.dll
插件[多平台点歌.dll]载入成功,应用名:多平台点歌


[时间]2020/10/5 17:36:49   [类型]插件(↓)   [接收者]小栗子   [发送者昵称]随机网抑云   [发送者]随机网抑云-小栗子-v1.0.3.1.dll
插件[随机网抑云-小栗子-v1.0.3.1.dll]载入成功,应用名:随机网抑云


[时间]2020/10/5 17:36:50   [类型]插件(↓);txt=0;back=16777215;   [接收者]小栗子   [发送者昵称]bilibili   [发送者]bilibili.dll
loading... | bilibili_loading


[时间]2020/10/5 17:36:50   [类型]插件(↓);txt=0;back=16777215;   [接收者]小栗子   [发送者昵称]bilibili   [发送者]bilibili.dll
未登录 | bilibili_error


[时间]2020/10/5 17:36:50   [类型]插件(↓);txt=8421504;back=16777215;   [接收者]小栗子   [发送者昵称]bilibili   [发送者]bilibili.dll
(cookie 失效请重新登录B站号，再重启程序) | bilibili_thread


[时间]2020/10/5 17:36:50   [类型]插件(↓);txt=8421504;back=16777215;   [接收者]小栗子   [发送者昵称]bilibili   [发送者]bilibili.dll
bilibili插件加载完毕 | bilibili_thread


[时间]2020/10/5 17:36:50   [类型]插件(↓)   [接收者]小栗子   [发送者昵称]bilibili   [发送者]bilibili.dll
插件[bilibili.dll]载入成功,应用名:bilibili


[时间]2020/10/5 17:36:50   [类型]插件(↓);txt=0;back=16777215;   [接收者]小栗子   [发送者昵称]bilibili   [发送者]bilibili.dll
开启处理缓存数据...间隔[10分钟] | [Cedar]bilibili


[时间]2020/10/5 17:36:50   [类型]插件(↓);txt=8421504;back=16777215;   [接收者]小栗子   [发送者昵称]bilibili   [发送者]bilibili.dll
路径初始化完毕 | bilibili_thread


[时间]2020/10/5 17:36:51   [类型]插件(↓);txt=255;back=16777215;   [接收者]小栗子   [发送者昵称]bilibili   [发送者]bilibili.dll
未登录 | bilibili_error


[时间]2020/10/5 17:36:51   [类型]插件(↓)   [接收者]小栗子   [发送者昵称]关键词回复   [发送者]hchun100.dll
插件[hchun100.dll]载入成功,应用名:关键词回复


[时间]2020/10/5 17:36:52   [类型]插件(↓)   [接收者]小栗子   [发送者昵称]MC服务器状态获取   [发送者]motd-小栗子-v1.0.3.dll
插件[motd-小栗子-v1.0.3.dll]载入成功,应用名:MC服务器状态获取


[时间]2020/10/5 17:36:52   [类型]插件(↓);txt=65280;back=16777215;   [接收者]小栗子   [发送者昵称]HTTP API   [发送者]httpapi.dll
正在监听10429端口


[时间]2020/10/5 17:36:52   [类型]插件(↓)   [接收者]小栗子   [发送者昵称]HTTP API   [发送者]httpapi.dll
插件[httpapi.dll]载入成功,应用名:HTTP API


[时间]2020/10/5 17:36:54   [类型]插件(↓)   [接收者]小栗子   [发送者昵称]二次元图片   [发送者]二次元图-小栗子-v1.0.1[DEBUGED].dll
插件[二次元图-小栗子-v1.0.1[DEBUGED].dll]载入成功,应用名:二次元图片


[时间]2020/10/5 17:36:56   [类型]插件(↓);txt=8421504;back=16777215;   [接收者]小栗子   [发送者昵称]bilibili   [发送者]bilibili.dll
国漫数据缓存中... | 数据刷新


[时间]2020/10/5 17:36:56   [类型]插件(↓)   [接收者]小栗子   [发送者昵称]小白站长工具   [发送者]小白站长工具v 1.3.1.dll
插件[小白站长工具v 1.3.1.dll]载入成功,应用名:小白站长工具


[时间]2020/10/5 17:36:58   [类型]插件(↓)   [接收者]小栗子   [发送者昵称]一言 × 报时   [发送者]一言×报时V1.1.3.dll
插件[一言×报时V1.1.3.dll]载入成功,应用名:一言 × 报时


[时间]2020/10/5 17:37:00   [类型]插件(↓);txt=16777215;back=0;   [接收者]小栗子   [发送者昵称]智能闲聊   [发送者]智能闲聊.dll
有新版本可用，请到社区或交流群812800764内下载


[时间]2020/10/5 17:37:00   [类型]插件(↓)   [接收者]小栗子   [发送者昵称]智能闲聊   [发送者]智能闲聊.dll
插件[智能闲聊.dll]载入成功,应用名:智能闲聊


[时间]2020/10/5 17:37:01   [类型]插件(↓)   [接收者]小栗子   [发送者昵称]自动同意   [发送者]自动同意.dll
插件[自动同意.dll]载入成功,应用名:自动同意


[时间]2020/10/5 17:37:02   [类型]插件(↓);txt=0;back=16777215;   [接收者]小栗子   [发送者昵称]bilibili   [发送者]bilibili.dll
番剧信息更新成功!! | [Cedar]bilibili


[时间]2020/10/5 17:37:02   [类型]插件(↓)   [接收者]小栗子   [发送者昵称]生成小国旗(可达插件)   [发送者]小国旗1.2.2.dll
插件[小国旗1.2.2.dll]载入成功,应用名:生成小国旗(可达插件)


[时间]2020/10/5 17:37:03   [类型]插件(↓)   [接收者]小栗子   [发送者昵称]悬浮窗   [发送者]ontop.dll
插件[ontop.dll]载入成功,应用名:悬浮窗


[时间]2020/10/5 17:37:49   [类型]登录(↑)   [接收者]1577069884   [发送者昵称]1577069884   [发送者]1577069884
接触服务器成功


